<?xml version="1.0" encoding="UTF-8"?>
<!-- Generated by org.testng.reporters.JUnitReportReporter -->
<testsuite skipped="0" hostname="LAPTOP-D2GVCL39" name="KTCTC.regression.WebTablesTest" tests="6" failures="0" timestamp="2022-05-10T22:28:05 IST" time="20.279" errors="0">
  <testcase name="verifyUserNavigatesToWebTablePage" time="0.616" classname="KTCTC.regression.WebTablesTest"/>
  <system-out/>
  <testcase name="verifyNewUserCanBeAddedonWebTablesPage" time="3.212" classname="KTCTC.regression.WebTablesTest"/>
  <system-out/>
  <testcase name="verifyAllDetailsOfNewlyAddedUser" time="0.805" classname="KTCTC.regression.WebTablesTest"/>
  <system-out/>
  <testcase name="verifyExistingUserCanBeEdited" time="4.398" classname="KTCTC.regression.WebTablesTest"/>
  <system-out/>
  <testcase name="verifyAllDetailsOfEditedUser" time="0.472" classname="KTCTC.regression.WebTablesTest"/>
  <system-out/>
  <testcase name="verifyExistingUserCanBeDeleted" time="10.776" classname="KTCTC.regression.WebTablesTest"/>
  <system-out/>
</testsuite> <!-- KTCTC.regression.WebTablesTest -->
